Drill Listing
=============
Drill: 0.3  Tool: 1  Feed: 95  Speed: 300
X 98425  Y 68897
X 102362  Y 68897
X 106299  Y 68897
X 118110  Y 61811
X 117322  Y 80314
X 106299  Y 72834
X 106299  Y 80708
X 106299  Y 76771
X 106299  Y 88582
X 106299  Y 84645
X 106299  Y 92519
X 102362  Y 80708
X 102362  Y 88582
X 102362  Y 84645
X 102362  Y 72834
X 102362  Y 92519
X 102362  Y 76771
X 98425  Y 84645
X 98425  Y 76771
X 98425  Y 72834
X 98425  Y 80708
X 98425  Y 92519
X 98425  Y 88582
X 98425  Y 96456
X 102362  Y 96456
X 106299  Y 96456
X 137795  Y 141732
X 145669  Y 141732
X 153543  Y 141732
X 159448  Y 127559
X 161417  Y 141732
X 165354  Y 137795
X 165354  Y 145669
X 165354  Y 153543
X 161417  Y 149606
X 157480  Y 145669
X 157480  Y 153543
X 153543  Y 149606
X 149606  Y 145669
X 149606  Y 153543
X 145669  Y 149606
X 141732  Y 145669
X 137795  Y 149606
X 133858  Y 145669

Drill: 1  Tool: 2  Feed: 197  Speed: 550
X 66929  Y 70866
X 66929  Y 102362
X 89370  Y 66141
X 114173  Y 98425
X 141732  Y 112204
X 141732  Y 153543
X 64960  Y 153543
X 55118  Y 153543
X 45275  Y 153543

Drill: 1.3  Tool: 3  Feed: 107  Speed: 550
X 21653  Y 76614
X 21653  Y 96614
X 181102  Y 123858
X 181102  Y 143858

Drill: 3.3  Tool: 4  Feed: 35  Speed: 794
X 19685  Y 19685
X 177165  Y 19685
X 177165  Y 177165
X 19685  Y 177165

End of Listing
